0 info it worked if it ends with ok
1 verbose cli [ '/home/rhalff/.nvm/versions/node/v5.2.0/bin/node',
1 verbose cli   '/home/rhalff/.nvm/versions/node/v5.2.0/bin/npm',
1 verbose cli   'i' ]
2 info using npm@3.7.2
3 info using node@v5.2.0
4 silly loadCurrentTree Starting
5 silly install loadCurrentTree
6 silly install readLocalPackageData
7 silly install normalizeTree
8 silly loadCurrentTree Finishing
9 silly loadIdealTree Starting
10 silly install loadIdealTree
11 silly cloneCurrentTree Starting
12 silly install cloneCurrentTreeToIdealTree
13 silly cloneCurrentTree Finishing
14 silly loadShrinkwrap Starting
15 silly install loadShrinkwrap
16 silly loadShrinkwrap Finishing
17 silly loadAllDepsIntoIdealTree Starting
18 silly install loadAllDepsIntoIdealTree
19 silly fetchOtherPackageData quoque@github:psichi/quoque
20 silly cache add args [ 'quoque@github:psichi/quoque', null ]
21 verbose cache add spec quoque@github:psichi/quoque
22 silly cache add parsed spec Result {
22 silly cache add   raw: 'quoque@github:psichi/quoque',
22 silly cache add   scope: null,
22 silly cache add   name: 'quoque',
22 silly cache add   rawSpec: 'github:psichi/quoque',
22 silly cache add   spec: 'github:psichi/quoque',
22 silly cache add   type: 'hosted',
22 silly cache add   hosted:
22 silly cache add    { type: 'github',
22 silly cache add      ssh: 'git@github.com:psichi/quoque.git',
22 silly cache add      sshUrl: 'git+ssh://git@github.com/psichi/quoque.git',
22 silly cache add      httpsUrl: 'git+https://github.com/psichi/quoque.git',
22 silly cache add      gitUrl: 'git://github.com/psichi/quoque.git',
22 silly cache add      shortcut: 'github:psichi/quoque',
22 silly cache add      directUrl: 'https://raw.githubusercontent.com/psichi/quoque/master/package.json' } }
23 verbose addRemoteGit caching github:psichi/quoque
24 verbose addRemoteGit psichi/quoque is a repository hosted by github
25 silly tryGitProto attempting to clone git://github.com/psichi/quoque.git
26 silly tryClone cloning psichi/quoque via git://github.com/psichi/quoque.git
27 verbose tryClone git-github-com-psichi-quoque-git-907bb9ab not in flight; caching
28 verbose correctMkdir /home/rhalff/.npm/_git-remotes correctMkdir not in flight; initializing
29 info git [ 'clone',
29 info git   '--template=/home/rhalff/.npm/_git-remotes/_templates',
29 info git   '--mirror',
29 info git   'git://github.com/psichi/quoque.git',
29 info git   '/home/rhalff/.npm/_git-remotes/git-github-com-psichi-quoque-git-907bb9ab' ]
30 verbose git clone --template=/home/rhalff/.npm/_git-remotes/_templates --mirror git://github.com/psichi/quoque.git /home/rhalff/.npm/_git-remotes/git-github-com-psichi-quoque-git-907bb9ab: Cloning into bare repository '/home/rhalff/.npm/_git-remotes/git-github-com-psichi-quoque-git-907bb9ab'...
30 verbose git clone --template=/home/rhalff/.npm/_git-remotes/_templates --mirror git://github.com/psichi/quoque.git /home/rhalff/.npm/_git-remotes/git-github-com-psichi-quoque-git-907bb9ab: fatal: remote error:
30 verbose git clone --template=/home/rhalff/.npm/_git-remotes/_templates --mirror git://github.com/psichi/quoque.git /home/rhalff/.npm/_git-remotes/git-github-com-psichi-quoque-git-907bb9ab:   Repository not found.
31 silly tryHTTPS attempting to clone git+https://github.com/psichi/quoque.git
32 silly tryClone cloning psichi/quoque via git+https://github.com/psichi/quoque.git
33 verbose tryClone git-https-github-com-psichi-quoque-git-cba6de1b not in flight; caching
34 verbose correctMkdir /home/rhalff/.npm/_git-remotes correctMkdir not in flight; initializing
35 info git [ 'clone',
35 info git   '--template=/home/rhalff/.npm/_git-remotes/_templates',
35 info git   '--mirror',
35 info git   'https://github.com/psichi/quoque.git',
35 info git   '/home/rhalff/.npm/_git-remotes/git-https-github-com-psichi-quoque-git-cba6de1b' ]
36 verbose git clone --template=/home/rhalff/.npm/_git-remotes/_templates --mirror https://github.com/psichi/quoque.git /home/rhalff/.npm/_git-remotes/git-https-github-com-psichi-quoque-git-cba6de1b: Cloning into bare repository '/home/rhalff/.npm/_git-remotes/git-https-github-com-psichi-quoque-git-cba6de1b'...
36 verbose git clone --template=/home/rhalff/.npm/_git-remotes/_templates --mirror https://github.com/psichi/quoque.git /home/rhalff/.npm/_git-remotes/git-https-github-com-psichi-quoque-git-cba6de1b: remote: Invalid username or password.
36 verbose git clone --template=/home/rhalff/.npm/_git-remotes/_templates --mirror https://github.com/psichi/quoque.git /home/rhalff/.npm/_git-remotes/git-https-github-com-psichi-quoque-git-cba6de1b: fatal: Authentication failed for 'https://github.com/psichi/quoque.git/'
37 silly trySSH attempting to clone git@github.com:psichi/quoque.git
38 silly tryClone cloning psichi/quoque via git@github.com:psichi/quoque.git
39 verbose tryClone git-github-com-psichi-quoque-git-3da19fb1 not in flight; caching
40 verbose correctMkdir /home/rhalff/.npm/_git-remotes correctMkdir not in flight; initializing
41 info git [ 'clone',
41 info git   '--template=/home/rhalff/.npm/_git-remotes/_templates',
41 info git   '--mirror',
41 info git   'git@github.com:psichi/quoque.git',
41 info git   '/home/rhalff/.npm/_git-remotes/git-github-com-psichi-quoque-git-3da19fb1' ]
42 error git clone --template=/home/rhalff/.npm/_git-remotes/_templates --mirror git@github.com:psichi/quoque.git /home/rhalff/.npm/_git-remotes/git-github-com-psichi-quoque-git-3da19fb1: Cloning into bare repository '/home/rhalff/.npm/_git-remotes/git-github-com-psichi-quoque-git-3da19fb1'...
42 error git clone --template=/home/rhalff/.npm/_git-remotes/_templates --mirror git@github.com:psichi/quoque.git /home/rhalff/.npm/_git-remotes/git-github-com-psichi-quoque-git-3da19fb1: ERROR: Repository not found.
42 error git clone --template=/home/rhalff/.npm/_git-remotes/_templates --mirror git@github.com:psichi/quoque.git /home/rhalff/.npm/_git-remotes/git-github-com-psichi-quoque-git-3da19fb1: fatal: Could not read from remote repository.
42 error git clone --template=/home/rhalff/.npm/_git-remotes/_templates --mirror git@github.com:psichi/quoque.git /home/rhalff/.npm/_git-remotes/git-github-com-psichi-quoque-git-3da19fb1:
42 error git clone --template=/home/rhalff/.npm/_git-remotes/_templates --mirror git@github.com:psichi/quoque.git /home/rhalff/.npm/_git-remotes/git-github-com-psichi-quoque-git-3da19fb1: Please make sure you have the correct access rights
42 error git clone --template=/home/rhalff/.npm/_git-remotes/_templates --mirror git@github.com:psichi/quoque.git /home/rhalff/.npm/_git-remotes/git-github-com-psichi-quoque-git-3da19fb1: and the repository exists.
43 silly fetchPackageMetaData Error: Command failed: git clone --template=/home/rhalff/.npm/_git-remotes/_templates --mirror git@github.com:psichi/quoque.git /home/rhalff/.npm/_git-remotes/git-github-com-psichi-quoque-git-3da19fb1
43 silly fetchPackageMetaData Cloning into bare repository '/home/rhalff/.npm/_git-remotes/git-github-com-psichi-quoque-git-3da19fb1'...
43 silly fetchPackageMetaData ERROR: Repository not found.
43 silly fetchPackageMetaData fatal: Could not read from remote repository.
43 silly fetchPackageMetaData
43 silly fetchPackageMetaData Please make sure you have the correct access rights
43 silly fetchPackageMetaData and the repository exists.
43 silly fetchPackageMetaData
43 silly fetchPackageMetaData     at ChildProcess.exithandler (child_process.js:214:12)
43 silly fetchPackageMetaData     at emitTwo (events.js:88:13)
43 silly fetchPackageMetaData     at ChildProcess.emit (events.js:173:7)
43 silly fetchPackageMetaData     at maybeClose (internal/child_process.js:819:16)
43 silly fetchPackageMetaData     at Process.ChildProcess._handle.onexit (internal/child_process.js:212:5)
43 silly fetchPackageMetaData  error for quoque@github:psichi/quoque { [Error: Command failed: git clone --template=/home/rhalff/.npm/_git-remotes/_templates --mirror git@github.com:psichi/quoque.git /home/rhalff/.npm/_git-remotes/git-github-com-psichi-quoque-git-3da19fb1
43 silly fetchPackageMetaData Cloning into bare repository '/home/rhalff/.npm/_git-remotes/git-github-com-psichi-quoque-git-3da19fb1'...
43 silly fetchPackageMetaData ERROR: Repository not found.
43 silly fetchPackageMetaData fatal: Could not read from remote repository.
43 silly fetchPackageMetaData
43 silly fetchPackageMetaData Please make sure you have the correct access rights
43 silly fetchPackageMetaData and the repository exists.
43 silly fetchPackageMetaData ]
43 silly fetchPackageMetaData   killed: false,
43 silly fetchPackageMetaData   code: 128,
43 silly fetchPackageMetaData   signal: null,
43 silly fetchPackageMetaData   cmd: 'git clone --template=/home/rhalff/.npm/_git-remotes/_templates --mirror git@github.com:psichi/quoque.git /home/rhalff/.npm/_git-remotes/git-github-com-psichi-quoque-git-3da19fb1' }
44 silly rollbackFailedOptional Starting
45 silly rollbackFailedOptional Finishing
46 silly runTopLevelLifecycles Starting
47 silly runTopLevelLifecycles Finishing
48 silly install printInstalled
49 verbose stack Error: Command failed: git clone --template=/home/rhalff/.npm/_git-remotes/_templates --mirror git@github.com:psichi/quoque.git /home/rhalff/.npm/_git-remotes/git-github-com-psichi-quoque-git-3da19fb1
49 verbose stack Cloning into bare repository '/home/rhalff/.npm/_git-remotes/git-github-com-psichi-quoque-git-3da19fb1'...
49 verbose stack ERROR: Repository not found.
49 verbose stack fatal: Could not read from remote repository.
49 verbose stack
49 verbose stack Please make sure you have the correct access rights
49 verbose stack and the repository exists.
49 verbose stack
49 verbose stack     at ChildProcess.exithandler (child_process.js:214:12)
49 verbose stack     at emitTwo (events.js:88:13)
49 verbose stack     at ChildProcess.emit (events.js:173:7)
49 verbose stack     at maybeClose (internal/child_process.js:819:16)
49 verbose stack     at Process.ChildProcess._handle.onexit (internal/child_process.js:212:5)
50 verbose cwd /srv/psichi/git/nodule/quojs
51 error Linux 4.2.0-30-lowlatency
52 error argv "/home/rhalff/.nvm/versions/node/v5.2.0/bin/node" "/home/rhalff/.nvm/versions/node/v5.2.0/bin/npm" "i"
53 error node v5.2.0
54 error npm  v3.7.2
55 error code 128
56 error Command failed: git clone --template=/home/rhalff/.npm/_git-remotes/_templates --mirror git@github.com:psichi/quoque.git /home/rhalff/.npm/_git-remotes/git-github-com-psichi-quoque-git-3da19fb1
56 error Cloning into bare repository '/home/rhalff/.npm/_git-remotes/git-github-com-psichi-quoque-git-3da19fb1'...
56 error ERROR: Repository not found.
56 error fatal: Could not read from remote repository.
56 error
56 error Please make sure you have the correct access rights
56 error and the repository exists.
57 error If you need help, you may report this error at:
57 error     <https://github.com/npm/npm/issues>
58 verbose exit [ 1, true ]
